This is pdfTeX, Version 3.14159265-2.6-1.40.16 (MiKTeX 2.9) (preloaded format=pdflatex 2015.11.18)  4 JUN 2016 14:45
entering extended mode
**main.tex
(main.tex
LaTeX2e <2015/01/01> patch level 2
Babel <3.9m> and hyphenation patterns for 69 languages loaded.
("C:\Program Files (x86)\MiKTeX 2.9\tex\latex\base\article.cls"
Document Class: article 2014/09/29 v1.4h Standard LaTeX document class
("C:\Program Files (x86)\MiKTeX 2.9\tex\latex\base\size11.clo"
File: size11.clo 2014/09/29 v1.4h Standard LaTeX file (size option)
)
\c@part=\count79
\c@section=\count80
\c@subsection=\count81
\c@subsubsection=\count82
\c@paragraph=\count83
\c@subparagraph=\count84
\c@figure=\count85
\c@table=\count86
\abovecaptionskip=\skip41
\belowcaptionskip=\skip42
\bibindent=\dimen102
)
("C:\Program Files (x86)\MiKTeX 2.9\tex\generic\babel\babel.sty"
Package: babel 2015/08/03 3.9m The Babel package

*************************************
* Local config file bblopts.cfg used
*
("C:\Program Files (x86)\MiKTeX 2.9\tex\latex\00miktex\bblopts.cfg"
File: bblopts.cfg 2006/07/31 v1.0 MiKTeX 'babel' configuration
)
("C:\Program Files (x86)\MiKTeX 2.9\tex\latex\babel-french\frenchb.ldf"
Language: frenchb 2015/11/25 v3.1j French support from the babel system

("C:\Program Files (x86)\MiKTeX 2.9\tex\generic\babel\babel.def"
File: babel.def 2015/08/03 3.9m Babel common definitions
\babel@savecnt=\count87
\U@D=\dimen103
)
\l@acadian = a dialect from \language\l@french 
\l@canadien = a dialect from \language\l@french 
\FBcolonskip=\skip43
\FBthinskip=\skip44
\FB@interchartokenstateORI=\count88
Package babel Info: Making : an active character on input line 360.
Package babel Info: Making ; an active character on input line 361.
Package babel Info: Making ! an active character on input line 362.
Package babel Info: Making ? an active character on input line 363.
\FBguillskip=\skip45
\FBguill@level=\count89
\FB@everypar=\toks14
\FB@Mht=\dimen104
\std@mcc=\count90
\dec@mcc=\count91
\listindentFB=\skip46
\labelwidthFB=\skip47
\leftmarginFB=\skip48
\parindentFFN=\dimen105
))
("C:\Program Files (x86)\MiKTeX 2.9\tex\latex\carlisle\scalefnt.sty")
("C:\Program Files (x86)\MiKTeX 2.9\tex\latex\graphics\keyval.sty"
Package: keyval 2014/10/28 v1.15 key=value parser (DPC)
\KV@toks@=\toks15
)
("C:\Program Files (x86)\MiKTeX 2.9\tex\latex\base\inputenc.sty"
Package: inputenc 2015/03/17 v1.2c Input encoding file
\inpenc@prehook=\toks16
\inpenc@posthook=\toks17

("C:\Program Files (x86)\MiKTeX 2.9\tex\latex\base\utf8.def"
File: utf8.def 2015/06/27 v1.1n UTF-8 support for inputenc
Now handling font encoding OML ...
... no UTF-8 mapping file for font encoding OML
Now handling font encoding T1 ...
... processing UTF-8 mapping file for font encoding T1

("C:\Program Files (x86)\MiKTeX 2.9\tex\latex\base\t1enc.dfu"
File: t1enc.dfu 2015/06/27 v1.1n UTF-8 support for inputenc
   defining Unicode char U+00A1 (decimal 161)
   defining Unicode char U+00A3 (decimal 163)
   defining Unicode char U+00AB (decimal 171)
   defining Unicode char U+00BB (decimal 187)
   defining Unicode char U+00BF (decimal 191)
   defining Unicode char U+00C0 (decimal 192)
   defining Unicode char U+00C1 (decimal 193)
   defining Unicode char U+00C2 (decimal 194)
   defining Unicode char U+00C3 (decimal 195)
   defining Unicode char U+00C4 (decimal 196)
   defining Unicode char U+00C5 (decimal 197)
   defining Unicode char U+00C6 (decimal 198)
   defining Unicode char U+00C7 (decimal 199)
   defining Unicode char U+00C8 (decimal 200)
   defining Unicode char U+00C9 (decimal 201)
   defining Unicode char U+00CA (decimal 202)
   defining Unicode char U+00CB (decimal 203)
   defining Unicode char U+00CC (decimal 204)
   defining Unicode char U+00CD (decimal 205)
   defining Unicode char U+00CE (decimal 206)
   defining Unicode char U+00CF (decimal 207)
   defining Unicode char U+00D0 (decimal 208)
   defining Unicode char U+00D1 (decimal 209)
   defining Unicode char U+00D2 (decimal 210)
   defining Unicode char U+00D3 (decimal 211)
   defining Unicode char U+00D4 (decimal 212)
   defining Unicode char U+00D5 (decimal 213)
   defining Unicode char U+00D6 (decimal 214)
   defining Unicode char U+00D8 (decimal 216)
   defining Unicode char U+00D9 (decimal 217)
   defining Unicode char U+00DA (decimal 218)
   defining Unicode char U+00DB (decimal 219)
   defining Unicode char U+00DC (decimal 220)
   defining Unicode char U+00DD (decimal 221)
   defining Unicode char U+00DE (decimal 222)
   defining Unicode char U+00DF (decimal 223)
   defining Unicode char U+00E0 (decimal 224)
   defining Unicode char U+00E1 (decimal 225)
   defining Unicode char U+00E2 (decimal 226)
   defining Unicode char U+00E3 (decimal 227)
   defining Unicode char U+00E4 (decimal 228)
   defining Unicode char U+00E5 (decimal 229)
   defining Unicode char U+00E6 (decimal 230)
   defining Unicode char U+00E7 (decimal 231)
   defining Unicode char U+00E8 (decimal 232)
   defining Unicode char U+00E9 (decimal 233)
   defining Unicode char U+00EA (decimal 234)
   defining Unicode char U+00EB (decimal 235)
   defining Unicode char U+00EC (decimal 236)
   defining Unicode char U+00ED (decimal 237)
   defining Unicode char U+00EE (decimal 238)
   defining Unicode char U+00EF (decimal 239)
   defining Unicode char U+00F0 (decimal 240)
   defining Unicode char U+00F1 (decimal 241)
   defining Unicode char U+00F2 (decimal 242)
   defining Unicode char U+00F3 (decimal 243)
   defining Unicode char U+00F4 (decimal 244)
   defining Unicode char U+00F5 (decimal 245)
   defining Unicode char U+00F6 (decimal 246)
   defining Unicode char U+00F8 (decimal 248)
   defining Unicode char U+00F9 (decimal 249)
   defining Unicode char U+00FA (decimal 250)
   defining Unicode char U+00FB (decimal 251)
   defining Unicode char U+00FC (decimal 252)
   defining Unicode char U+00FD (decimal 253)
   defining Unicode char U+00FE (decimal 254)
   defining Unicode char U+00FF (decimal 255)
   defining Unicode char U+0102 (decimal 258)
   defining Unicode char U+0103 (decimal 259)
   defining Unicode char U+0104 (decimal 260)
   defining Unicode char U+0105 (decimal 261)
   defining Unicode char U+0106 (decimal 262)
   defining Unicode char U+0107 (decimal 263)
   defining Unicode char U+010C (decimal 268)
   defining Unicode char U+010D (decimal 269)
   defining Unicode char U+010E (decimal 270)
   defining Unicode char U+010F (decimal 271)
   defining Unicode char U+0110 (decimal 272)
   defining Unicode char U+0111 (decimal 273)
   defining Unicode char U+0118 (decimal 280)
   defining Unicode char U+0119 (decimal 281)
   defining Unicode char U+011A (decimal 282)
   defining Unicode char U+011B (decimal 283)
   defining Unicode char U+011E (decimal 286)
   defining Unicode char U+011F (decimal 287)
   defining Unicode char U+0130 (decimal 304)
   defining Unicode char U+0131 (decimal 305)
   defining Unicode char U+0132 (decimal 306)
   defining Unicode char U+0133 (decimal 307)
   defining Unicode char U+0139 (decimal 313)
   defining Unicode char U+013A (decimal 314)
   defining Unicode char U+013D (decimal 317)
   defining Unicode char U+013E (decimal 318)
   defining Unicode char U+0141 (decimal 321)
   defining Unicode char U+0142 (decimal 322)
   defining Unicode char U+0143 (decimal 323)
   defining Unicode char U+0144 (decimal 324)
   defining Unicode char U+0147 (decimal 327)
   defining Unicode char U+0148 (decimal 328)
   defining Unicode char U+014A (decimal 330)
   defining Unicode char U+014B (decimal 331)
   defining Unicode char U+0150 (decimal 336)
   defining Unicode char U+0151 (decimal 337)
   defining Unicode char U+0152 (decimal 338)
   defining Unicode char U+0153 (decimal 339)
   defining Unicode char U+0154 (decimal 340)
   defining Unicode char U+0155 (decimal 341)
   defining Unicode char U+0158 (decimal 344)
   defining Unicode char U+0159 (decimal 345)
   defining Unicode char U+015A (decimal 346)
   defining Unicode char U+015B (decimal 347)
   defining Unicode char U+015E (decimal 350)
   defining Unicode char U+015F (decimal 351)
   defining Unicode char U+0160 (decimal 352)
   defining Unicode char U+0161 (decimal 353)
   defining Unicode char U+0162 (decimal 354)
   defining Unicode char U+0163 (decimal 355)
   defining Unicode char U+0164 (decimal 356)
   defining Unicode char U+0165 (decimal 357)
   defining Unicode char U+016E (decimal 366)
   defining Unicode char U+016F (decimal 367)
   defining Unicode char U+0170 (decimal 368)
   defining Unicode char U+0171 (decimal 369)
   defining Unicode char U+0178 (decimal 376)
   defining Unicode char U+0179 (decimal 377)
   defining Unicode char U+017A (decimal 378)
   defining Unicode char U+017B (decimal 379)
   defining Unicode char U+017C (decimal 380)
   defining Unicode char U+017D (decimal 381)
   defining Unicode char U+017E (decimal 382)
   defining Unicode char U+200C (decimal 8204)
   defining Unicode char U+2013 (decimal 8211)
   defining Unicode char U+2014 (decimal 8212)
   defining Unicode char U+2018 (decimal 8216)
   defining Unicode char U+2019 (decimal 8217)
   defining Unicode char U+201A (decimal 8218)
   defining Unicode char U+201C (decimal 8220)
   defining Unicode char U+201D (decimal 8221)
   defining Unicode char U+201E (decimal 8222)
   defining Unicode char U+2030 (decimal 8240)
   defining Unicode char U+2031 (decimal 8241)
   defining Unicode char U+2039 (decimal 8249)
   defining Unicode char U+203A (decimal 8250)
   defining Unicode char U+2423 (decimal 9251)
)
Now handling font encoding OT1 ...
... processing UTF-8 mapping file for font encoding OT1

("C:\Program Files (x86)\MiKTeX 2.9\tex\latex\base\ot1enc.dfu"
File: ot1enc.dfu 2015/06/27 v1.1n UTF-8 support for inputenc
   defining Unicode char U+00A1 (decimal 161)
   defining Unicode char U+00A3 (decimal 163)
   defining Unicode char U+00B8 (decimal 184)
   defining Unicode char U+00BF (decimal 191)
   defining Unicode char U+00C5 (decimal 197)
   defining Unicode char U+00C6 (decimal 198)
   defining Unicode char U+00D8 (decimal 216)
   defining Unicode char U+00DF (decimal 223)
   defining Unicode char U+00E6 (decimal 230)
   defining Unicode char U+00EC (decimal 236)
   defining Unicode char U+00ED (decimal 237)
   defining Unicode char U+00EE (decimal 238)
   defining Unicode char U+00EF (decimal 239)
   defining Unicode char U+00F8 (decimal 248)
   defining Unicode char U+0131 (decimal 305)
   defining Unicode char U+0141 (decimal 321)
   defining Unicode char U+0142 (decimal 322)
   defining Unicode char U+0152 (decimal 338)
   defining Unicode char U+0153 (decimal 339)
   defining Unicode char U+2013 (decimal 8211)
   defining Unicode char U+2014 (decimal 8212)
   defining Unicode char U+2018 (decimal 8216)
   defining Unicode char U+2019 (decimal 8217)
   defining Unicode char U+201C (decimal 8220)
   defining Unicode char U+201D (decimal 8221)
)
Now handling font encoding OMS ...
... processing UTF-8 mapping file for font encoding OMS

("C:\Program Files (x86)\MiKTeX 2.9\tex\latex\base\omsenc.dfu"
File: omsenc.dfu 2015/06/27 v1.1n UTF-8 support for inputenc
   defining Unicode char U+00A7 (decimal 167)
   defining Unicode char U+00B6 (decimal 182)
   defining Unicode char U+00B7 (decimal 183)
   defining Unicode char U+2020 (decimal 8224)
   defining Unicode char U+2021 (decimal 8225)
   defining Unicode char U+2022 (decimal 8226)
)
Now handling font encoding OMX ...
... no UTF-8 mapping file for font encoding OMX
Now handling font encoding U ...
... no UTF-8 mapping file for font encoding U
   defining Unicode char U+00A9 (decimal 169)
   defining Unicode char U+00AA (decimal 170)
   defining Unicode char U+00AE (decimal 174)
   defining Unicode char U+00BA (decimal 186)
   defining Unicode char U+02C6 (decimal 710)
   defining Unicode char U+02DC (decimal 732)
   defining Unicode char U+200C (decimal 8204)
   defining Unicode char U+2026 (decimal 8230)
   defining Unicode char U+2122 (decimal 8482)
   defining Unicode char U+2423 (decimal 9251)
))
("C:\Program Files (x86)\MiKTeX 2.9\tex\latex\base\fontenc.sty"
Package: fontenc 2005/09/27 v1.99g Standard LaTeX package

("C:\Program Files (x86)\MiKTeX 2.9\tex\latex\base\t1enc.def"
File: t1enc.def 2005/09/27 v1.99g Standard LaTeX file
LaTeX Font Info:    Redeclaring font encoding T1 on input line 48.
))
("C:\Program Files (x86)\MiKTeX 2.9\tex\latex\graphics\graphicx.sty"
Package: graphicx 2014/10/28 v1.0g Enhanced LaTeX Graphics (DPC,SPQR)

("C:\Program Files (x86)\MiKTeX 2.9\tex\latex\graphics\graphics.sty"
Package: graphics 2014/10/28 v1.0p Standard LaTeX Graphics (DPC,SPQR)

("C:\Program Files (x86)\MiKTeX 2.9\tex\latex\graphics\trig.sty"
Package: trig 1999/03/16 v1.09 sin cos tan (DPC)
)
("C:\Program Files (x86)\MiKTeX 2.9\tex\latex\00miktex\graphics.cfg"
File: graphics.cfg 2007/01/18 v1.5 graphics configuration of teTeX/TeXLive
)
Package graphics Info: Driver file: pdftex.def on input line 94.

("C:\Program Files (x86)\MiKTeX 2.9\tex\latex\pdftex-def\pdftex.def"
File: pdftex.def 2011/05/27 v0.06d Graphics/color for pdfTeX

("C:\Program Files (x86)\MiKTeX 2.9\tex\generic\oberdiek\infwarerr.sty"
Package: infwarerr 2010/04/08 v1.3 Providing info/warning/error messages (HO)
)
("C:\Program Files (x86)\MiKTeX 2.9\tex\generic\oberdiek\ltxcmds.sty"
Package: ltxcmds 2011/11/09 v1.22 LaTeX kernel commands for general use (HO)
)
\Gread@gobject=\count92
))
\Gin@req@height=\dimen106
\Gin@req@width=\dimen107
)
("C:\Program Files (x86)\MiKTeX 2.9\tex\latex\amsmath\amsmath.sty"
Package: amsmath 2013/01/14 v2.14 AMS math features
\@mathmargin=\skip49

For additional information on amsmath, use the `?' option.
("C:\Program Files (x86)\MiKTeX 2.9\tex\latex\amsmath\amstext.sty"
Package: amstext 2000/06/29 v2.01

("C:\Program Files (x86)\MiKTeX 2.9\tex\latex\amsmath\amsgen.sty"
File: amsgen.sty 1999/11/30 v2.0
\@emptytoks=\toks18
\ex@=\dimen108
))
("C:\Program Files (x86)\MiKTeX 2.9\tex\latex\amsmath\amsbsy.sty"
Package: amsbsy 1999/11/29 v1.2d
\pmbraise@=\dimen109
)
("C:\Program Files (x86)\MiKTeX 2.9\tex\latex\amsmath\amsopn.sty"
Package: amsopn 1999/12/14 v2.01 operator names
)
\inf@bad=\count93
LaTeX Info: Redefining \frac on input line 210.
\uproot@=\count94
\leftroot@=\count95
LaTeX Info: Redefining \overline on input line 306.
\classnum@=\count96
\DOTSCASE@=\count97
LaTeX Info: Redefining \ldots on input line 378.
LaTeX Info: Redefining \dots on input line 381.
LaTeX Info: Redefining \cdots on input line 466.
\Mathstrutbox@=\box26
\strutbox@=\box27
\big@size=\dimen110
LaTeX Font Info:    Redeclaring font encoding OML on input line 566.
LaTeX Font Info:    Redeclaring font encoding OMS on input line 567.
\macc@depth=\count98
\c@MaxMatrixCols=\count99
\dotsspace@=\muskip10
\c@parentequation=\count100
\dspbrk@lvl=\count101
\tag@help=\toks19
\row@=\count102
\column@=\count103
\maxfields@=\count104
\andhelp@=\toks20
\eqnshift@=\dimen111
\alignsep@=\dimen112
\tagshift@=\dimen113
\tagwidth@=\dimen114
\totwidth@=\dimen115
\lineht@=\dimen116
\@envbody=\toks21
\multlinegap=\skip50
\multlinetaggap=\skip51
\mathdisplay@stack=\toks22
LaTeX Info: Redefining \[ on input line 2665.
LaTeX Info: Redefining \] on input line 2666.
)
("C:\Program Files (x86)\MiKTeX 2.9\tex\latex\amsfonts\amsfonts.sty"
Package: amsfonts 2013/01/14 v3.01 Basic AMSFonts support
\symAMSa=\mathgroup4
\symAMSb=\mathgroup5
LaTeX Font Info:    Overwriting math alphabet `\mathfrak' in version `bold'
(Font)                  U/euf/m/n --> U/euf/b/n on input line 106.
)
("C:\Program Files (x86)\MiKTeX 2.9\tex\latex\amsfonts\amssymb.sty"
Package: amssymb 2013/01/14 v3.01 AMS font symbols
)
("C:\Program Files (x86)\MiKTeX 2.9\tex\latex\cases\cases.sty"
Package: cases 2002/05/02 ver 2.5 
)
("C:\Program Files (x86)\MiKTeX 2.9\tex\latex\preprint\fullpage.sty"
Package: fullpage 1999/02/23 1.1 (PWD)
\FP@margin=\skip52
)
("C:\Program Files (x86)\MiKTeX 2.9\tex\latex\enumitem\enumitem.sty"
Package: enumitem 2011/09/28 v3.5.2 Customized lists
\labelindent=\skip53
\enit@outerparindent=\dimen117
\enit@toks=\toks23
\enit@inbox=\box28
\enitdp@description=\count105
)
("C:\Program Files (x86)\MiKTeX 2.9\tex\latex\float\float.sty"
Package: float 2001/11/08 v1.3d Float enhancements (AL)
\c@float@type=\count106
\float@exts=\toks24
\float@box=\box29
\@float@everytoks=\toks25
\@floatcapt=\box30
)
("C:\Program Files (x86)\MiKTeX 2.9\tex\latex\hyperref\hyperref.sty"
Package: hyperref 2012/11/06 v6.83m Hypertext links for LaTeX

("C:\Program Files (x86)\MiKTeX 2.9\tex\generic\oberdiek\hobsub-hyperref.sty"
Package: hobsub-hyperref 2012/04/25 v1.12 Bundle oberdiek, subset hyperref (HO)


("C:\Program Files (x86)\MiKTeX 2.9\tex\generic\oberdiek\hobsub-generic.sty"
Package: hobsub-generic 2012/04/25 v1.12 Bundle oberdiek, subset generic (HO)
Package: hobsub 2012/04/25 v1.12 Construct package bundles (HO)
Package hobsub Info: Skipping package `infwarerr' (already loaded).
Package hobsub Info: Skipping package `ltxcmds' (already loaded).
Package: ifluatex 2010/03/01 v1.3 Provides the ifluatex switch (HO)
Package ifluatex Info: LuaTeX not detected.
Package: ifvtex 2010/03/01 v1.5 Detect VTeX and its facilities (HO)
Package ifvtex Info: VTeX not detected.
Package: intcalc 2007/09/27 v1.1 Expandable calculations with integers (HO)
Package: ifpdf 2011/01/30 v2.3 Provides the ifpdf switch (HO)
Package ifpdf Info: pdfTeX in PDF mode is detected.
Package: etexcmds 2011/02/16 v1.5 Avoid name clashes with e-TeX commands (HO)
Package etexcmds Info: Could not find \expanded.
(etexcmds)             That can mean that you are not using pdfTeX 1.50 or
(etexcmds)             that some package has redefined \expanded.
(etexcmds)             In the latter case, load this package earlier.
Package: kvsetkeys 2012/04/25 v1.16 Key value parser (HO)
Package: kvdefinekeys 2011/04/07 v1.3 Define keys (HO)
Package: pdftexcmds 2011/11/29 v0.20 Utility functions of pdfTeX for LuaTeX (HO
)
Package pdftexcmds Info: LuaTeX not detected.
Package pdftexcmds Info: \pdf@primitive is available.
Package pdftexcmds Info: \pdf@ifprimitive is available.
Package pdftexcmds Info: \pdfdraftmode found.
Package: pdfescape 2011/11/25 v1.13 Implements pdfTeX's escape features (HO)
Package: bigintcalc 2012/04/08 v1.3 Expandable calculations on big integers (HO
)
Package: bitset 2011/01/30 v1.1 Handle bit-vector datatype (HO)
Package: uniquecounter 2011/01/30 v1.2 Provide unlimited unique counter (HO)
)
Package hobsub Info: Skipping package `hobsub' (already loaded).
Package: letltxmacro 2010/09/02 v1.4 Let assignment for LaTeX macros (HO)
Package: hopatch 2011/06/24 v1.1 Wrapper for package hooks (HO)
Package: xcolor-patch 2011/01/30 xcolor patch
Package: atveryend 2011/06/30 v1.8 Hooks at the very end of document (HO)
Package atveryend Info: \enddocument detected (standard20110627).
Package: atbegshi 2011/10/05 v1.16 At begin shipout hook (HO)
Package: refcount 2011/10/16 v3.4 Data extraction from label references (HO)
Package: hycolor 2011/01/30 v1.7 Color options for hyperref/bookmark (HO)
)
("C:\Program Files (x86)\MiKTeX 2.9\tex\generic\ifxetex\ifxetex.sty"
Package: ifxetex 2010/09/12 v0.6 Provides ifxetex conditional
)
("C:\Program Files (x86)\MiKTeX 2.9\tex\latex\oberdiek\auxhook.sty"
Package: auxhook 2011/03/04 v1.3 Hooks for auxiliary files (HO)
)
("C:\Program Files (x86)\MiKTeX 2.9\tex\latex\oberdiek\kvoptions.sty"
Package: kvoptions 2011/06/30 v3.11 Key value format for package options (HO)
)
\@linkdim=\dimen118
\Hy@linkcounter=\count107
\Hy@pagecounter=\count108

("C:\Program Files (x86)\MiKTeX 2.9\tex\latex\hyperref\pd1enc.def"
File: pd1enc.def 2012/11/06 v6.83m Hyperref: PDFDocEncoding definition (HO)
Now handling font encoding PD1 ...
... no UTF-8 mapping file for font encoding PD1
)
\Hy@SavedSpaceFactor=\count109

("C:\Program Files (x86)\MiKTeX 2.9\tex\latex\00miktex\hyperref.cfg"
File: hyperref.cfg 2002/06/06 v1.2 hyperref configuration of TeXLive
)
Package hyperref Info: Hyper figures OFF on input line 4443.
Package hyperref Info: Link nesting OFF on input line 4448.
Package hyperref Info: Hyper index ON on input line 4451.
Package hyperref Info: Plain pages OFF on input line 4458.
Package hyperref Info: Backreferencing OFF on input line 4463.
Package hyperref Info: Implicit mode ON; LaTeX internals redefined.
Package hyperref Info: Bookmarks ON on input line 4688.
\c@Hy@tempcnt=\count110

("C:\Program Files (x86)\MiKTeX 2.9\tex\latex\url\url.sty"
\Urlmuskip=\muskip11
Package: url 2013/09/16  ver 3.4  Verb mode for urls, etc.
)
LaTeX Info: Redefining \url on input line 5041.
\XeTeXLinkMargin=\dimen119
\Fld@menulength=\count111
\Field@Width=\dimen120
\Fld@charsize=\dimen121
Package hyperref Info: Hyper figures OFF on input line 6295.
Package hyperref Info: Link nesting OFF on input line 6300.
Package hyperref Info: Hyper index ON on input line 6303.
Package hyperref Info: backreferencing OFF on input line 6310.
Package hyperref Info: Link coloring OFF on input line 6315.
Package hyperref Info: Link coloring with OCG OFF on input line 6320.
Package hyperref Info: PDF/A mode OFF on input line 6325.
LaTeX Info: Redefining \ref on input line 6365.
LaTeX Info: Redefining \pageref on input line 6369.
\Hy@abspage=\count112
\c@Item=\count113
\c@Hfootnote=\count114
)

Package hyperref Message: Driver (autodetected): hpdftex.

("C:\Program Files (x86)\MiKTeX 2.9\tex\latex\hyperref\hpdftex.def"
File: hpdftex.def 2012/11/06 v6.83m Hyperref driver for pdfTeX
\Fld@listcount=\count115
\c@bookmark@seq@number=\count116

("C:\Program Files (x86)\MiKTeX 2.9\tex\latex\oberdiek\rerunfilecheck.sty"
Package: rerunfilecheck 2011/04/15 v1.7 Rerun checks for auxiliary files (HO)
Package uniquecounter Info: New unique counter `rerunfilecheck' on input line 2
82.
)
\Hy@SectionHShift=\skip54
)
(main.aux)
LaTeX Font Info:    Checking defaults for OML/cmm/m/it on input line 16.
LaTeX Font Info:    ... okay on input line 16.
LaTeX Font Info:    Checking defaults for T1/cmr/m/n on input line 16.
LaTeX Font Info:    ... okay on input line 16.
LaTeX Font Info:    Checking defaults for OT1/cmr/m/n on input line 16.
LaTeX Font Info:    ... okay on input line 16.
LaTeX Font Info:    Checking defaults for OMS/cmsy/m/n on input line 16.
LaTeX Font Info:    ... okay on input line 16.
LaTeX Font Info:    Checking defaults for OMX/cmex/m/n on input line 16.
LaTeX Font Info:    ... okay on input line 16.
LaTeX Font Info:    Checking defaults for U/cmr/m/n on input line 16.
LaTeX Font Info:    ... okay on input line 16.
LaTeX Font Info:    Checking defaults for PD1/pdf/m/n on input line 16.
LaTeX Font Info:    ... okay on input line 16.
LaTeX Info: Redefining \degres on input line 16.
LaTeX Info: Redefining \dots on input line 16.
Package frenchb.ldf Info: Setting StandardItemizeEnv=true for
(frenchb.ldf)             compatibility with enumitem package,
(frenchb.ldf)              on input line 16.
Package frenchb.ldf Info: Setting StandardEnumerateEnv=true for
(frenchb.ldf)             compatibility with enumitem package,
(frenchb.ldf)              on input line 16.
LaTeX Info: Redefining \up on input line 16.
 ("C:\Program Files (x86)\MiKTeX 2.9\tex\context\base\supp-pdf.mkii"
[Loading MPS to PDF converter (version 2006.09.02).]
\scratchcounter=\count117
\scratchdimen=\dimen122
\scratchbox=\box31
\nofMPsegments=\count118
\nofMParguments=\count119
\everyMPshowfont=\toks26
\MPscratchCnt=\count120
\MPscratchDim=\dimen123
\MPnumerator=\count121
\makeMPintoPDFobject=\count122
\everyMPtoPDFconversion=\toks27
)
\AtBeginShipoutBox=\box32
Package hyperref Info: Link coloring OFF on input line 16.
 ("C:\Program Files (x86)\MiKTeX 2.9\tex\latex\hyperref\nameref.sty"
Package: nameref 2012/10/27 v2.43 Cross-referencing by name of section

("C:\Program Files (x86)\MiKTeX 2.9\tex\generic\oberdiek\gettitlestring.sty"
Package: gettitlestring 2010/12/03 v1.4 Cleanup title references (HO)
)
\c@section@level=\count123
)
LaTeX Info: Redefining \ref on input line 16.
LaTeX Info: Redefining \pageref on input line 16.
LaTeX Info: Redefining \nameref on input line 16.

(main.out) (main.out)
\@outlinefile=\write3
 <logo_insa.png, id=131, 441.0879pt x 99.4917pt>
File: logo_insa.png Graphic file (type png)

<use logo_insa.png>
Package pdftex.def Info: logo_insa.png used on input line 26.
(pdftex.def)             Requested size: 113.24197pt x 25.54234pt.
 <neanderthal-sapiens.jpg, id=133, 238.8925pt x 275.0275pt>
File: neanderthal-sapiens.jpg Graphic file (type jpg)

<use neanderthal-sapiens.jpg>
Package pdftex.def Info: neanderthal-sapiens.jpg used on input line 40.
(pdftex.def)             Requested size: 191.11424pt x 220.0223pt.
 [1

{C:/Users/yadimy/AppData/Local/MiKTeX/2.9/pdftex/config/pdftex.map} <./logo_ins
a.png> <./neanderthal-sapiens.jpg>] (main.toc
LaTeX Font Info:    Try loading font information for U+msa on input line 4.

("C:\Program Files (x86)\MiKTeX 2.9\tex\latex\amsfonts\umsa.fd"
File: umsa.fd 2013/01/14 v3.01 AMS symbols A
)
LaTeX Font Info:    Try loading font information for U+msb on input line 4.

("C:\Program Files (x86)\MiKTeX 2.9\tex\latex\amsfonts\umsb.fd"
File: umsb.fd 2013/01/14 v3.01 AMS symbols B
)

LaTeX Warning: Reference `Eq2' on page 1 undefined on input line 52.

)
\tf@toc=\write4
pdfTeX warning (ext4): destination with the same identifier (name{page.1}) has 
been already used, duplicate ignored
<to be read again> 
                   \relax 
l.45 \newpage
              [1] <SiteArche.jpg, id=185, 370.38374pt x 179.92218pt>
File: SiteArche.jpg Graphic file (type jpg)

<use SiteArche.jpg>
Package pdftex.def Info: SiteArche.jpg used on input line 53.
(pdftex.def)             Requested size: 284.52756pt x 138.21654pt.

Underfull \hbox (badness 10000) in paragraph at lines 50--56

 []


Underfull \hbox (badness 10000) in paragraph at lines 63--64

 []

pdfTeX warning (ext4): destination with the same identifier (name{page.1}) has 
been already used, duplicate ignored
<to be read again> 
                   \relax 
l.64 \begin{equation}
                      [1 <./SiteArche.jpg>]
Underfull \hbox (badness 10000) in paragraph at lines 66--73

 []


Underfull \hbox (badness 10000) in paragraph at lines 66--73

 []


Underfull \hbox (badness 10000) in paragraph at lines 66--73

 []


Underfull \hbox (badness 10000) in paragraph at lines 74--79

 []

[2]
Underfull \hbox (badness 10000) in paragraph at lines 100--101

 []

[3]
Underfull \hbox (badness 10000) in paragraph at lines 124--125

 []


Underfull \hbox (badness 10000) in paragraph at lines 127--133

 []


Underfull \hbox (badness 10000) in paragraph at lines 140--143

 []

[4]
Underfull \hbox (badness 10000) in paragraph at lines 172--174

 []


Underfull \hbox (badness 10000) in paragraph at lines 189--194

 []


Underfull \hbox (badness 10000) in paragraph at lines 189--194

 []

<SimulationKPP/FrontOnde.png, id=217, 374.14781pt x 233.37187pt>
File: SimulationKPP/FrontOnde.png Graphic file (type png)

<use SimulationKPP/FrontOnde.png>
Package pdftex.def Info: SimulationKPP/FrontOnde.png used on input line 197.
(pdftex.def)             Requested size: 181.18439pt x 113.01073pt.

Underfull \hbox (badness 10000) in paragraph at lines 211--216

 []

[5 <./SimulationKPP/FrontOnde.png>]
Underfull \hbox (badness 10000) in paragraph at lines 226--231

 []


Underfull \hbox (badness 10000) in paragraph at lines 231--233

 []


Underfull \hbox (badness 10000) in paragraph at lines 234--236

 []


Underfull \hbox (badness 10000) in paragraph at lines 238--240

 []


Underfull \hbox (badness 10000) in paragraph at lines 241--242

 []


Underfull \hbox (badness 10000) in paragraph at lines 253--254

 []

<SimulationKPP/fu.png, id=227, 311.66437pt x 271.76532pt>
File: SimulationKPP/fu.png Graphic file (type png)

<use SimulationKPP/fu.png>
Package pdftex.def Info: SimulationKPP/fu.png used on input line 264.
(pdftex.def)             Requested size: 181.18439pt x 157.9889pt.
 [6]
Underfull \hbox (badness 10000) in paragraph at lines 269--271

 []


Underfull \hbox (badness 10000) in paragraph at lines 272--273

 []


Underfull \hbox (badness 10000) in paragraph at lines 276--277

 []


Overfull \hbox (8.14037pt too wide) in paragraph at lines 280--281
\T1/cmr/m/n/10.95 d'un front d'onde U(z) mo-no-tone, so-lu-tion de l'EDO avec l
es condi-tions aux bords $[][] \OML/cmm/m/it/10.95 U\OT1/cmr/m/n/10.95 (\OML/cm
m/m/it/10.95 z\OT1/cmr/m/n/10.95 ) =$
 []


Underfull \hbox (badness 10000) in paragraph at lines 280--281

 []


Underfull \hbox (badness 10000) in paragraph at lines 282--285

 []

[7 <./SimulationKPP/fu.png>]
Overfull \hbox (8.37076pt too wide) in paragraph at lines 338--346
\T1/cmr/m/n/10.95 On a donc : $\OML/cmm/m/it/10.95 W[] \OT1/cmr/m/n/10.95 = \OM
L/cmm/m/it/10.95 F\OT1/cmr/m/n/10.95 (\OML/cmm/m/it/10.95 W\OT1/cmr/m/n/10.95 )
$ \T1/cmr/m/n/10.95 avec $\OML/cmm/m/it/10.95 W \OT1/cmr/m/n/10.95 = []$ \T1/cm
r/m/n/10.95 et $\OML/cmm/m/it/10.95 F\OT1/cmr/m/n/10.95 (\OML/cmm/m/it/10.95 W\
OT1/cmr/m/n/10.95 ) = [] = []$ 
 []


Underfull \hbox (badness 10000) in paragraph at lines 338--346

 []

[8pdfTeX warning (ext4): destination with the same identifier (name{equation.3.
2}) has been already used, duplicate ignored

\AtBegShi@Output ...ipout \box \AtBeginShipoutBox 
                                                  \fi \fi 
l.351 ...-2k(1+A)+kA & -\frac{c}{d}\end{pmatrix}$$
                                                  ]
Underfull \hbox (badness 10000) in paragraph at lines 351--353

 []


Underfull \hbox (badness 10000) in paragraph at lines 354--356

 []


Underfull \hbox (badness 10000) in paragraph at lines 358--360

 []


Underfull \hbox (badness 10000) in paragraph at lines 367--369

 []

[9]
Underfull \hbox (badness 10000) in paragraph at lines 412--414

 []


Underfull \hbox (badness 10000) in paragraph at lines 415--427

 []


Underfull \hbox (badness 10000) in paragraph at lines 428--431

 []


Underfull \hbox (badness 10000) in paragraph at lines 432--434

 []


Underfull \hbox (badness 10000) in paragraph at lines 442--445

 []


Underfull \hbox (badness 10000) in paragraph at lines 446--447

 []

[10]
Underfull \hbox (badness 10000) in paragraph at lines 449--451

 []


Underfull \hbox (badness 10000) in paragraph at lines 455--459

 []


Underfull \hbox (badness 10000) in paragraph at lines 460--462

 []

pdfTeX warning (ext4): destination with the same identifier (name{equation.3.2}
) has been already used, duplicate ignored
<to be read again> 
                   \relax 
l.466 \begin{equation}
                      pdfTeX warning (ext4): destination with the same identifi
er (name{equation.3.2}) has been already used, duplicate ignored
<to be read again> 
                   \relax 
l.466 \begin{equation}
                      pdfTeX warning (ext4): destination with the same identifi
er (name{equation.3.2}) has been already used, duplicate ignored
<to be read again> 
                   \relax 
l.466 \begin{equation}
                      pdfTeX warning (ext4): destination with the same identifi
er (name{equation.3.2}) has been already used, duplicate ignored
<to be read again> 
                   \relax 
l.466 \begin{equation}
                      
Underfull \hbox (badness 10000) in paragraph at lines 485--486

 []


Underfull \hbox (badness 10000) in paragraph at lines 487--488

 []

[11]
Underfull \hbox (badness 10000) in paragraph at lines 493--495

 []


Underfull \hbox (badness 10000) in paragraph at lines 503--504

 []


Underfull \hbox (badness 10000) in paragraph at lines 515--518

 []

[12] [13] <SimulationKPP/KPP11.jpg, id=290, 1371.1225pt x 653.44125pt>
File: SimulationKPP/KPP11.jpg Graphic file (type jpg)

<use SimulationKPP/KPP11.jpg>
Package pdftex.def Info: SimulationKPP/KPP11.jpg used on input line 573.
(pdftex.def)             Requested size: 203.83417pt x 97.13454pt.

<SimulationKPP/KPP12.jpg, id=291, 1371.1225pt x 653.44125pt>
File: SimulationKPP/KPP12.jpg Graphic file (type jpg)

<use SimulationKPP/KPP12.jpg>
Package pdftex.def Info: SimulationKPP/KPP12.jpg used on input line 574.
(pdftex.def)             Requested size: 203.83417pt x 97.13454pt.

<SimulationKPP/KPP14.jpg, id=292, 1371.1225pt x 653.44125pt>
File: SimulationKPP/KPP14.jpg Graphic file (type jpg)

<use SimulationKPP/KPP14.jpg>
Package pdftex.def Info: SimulationKPP/KPP14.jpg used on input line 575.
(pdftex.def)             Requested size: 203.83417pt x 97.13454pt.
 [14]
<SimulationKPP/KPP13.jpg, id=301, 1371.1225pt x 653.44125pt>
File: SimulationKPP/KPP13.jpg Graphic file (type jpg)

<use SimulationKPP/KPP13.jpg>
Package pdftex.def Info: SimulationKPP/KPP13.jpg used on input line 583.
(pdftex.def)             Requested size: 452.9679pt x 215.87556pt.

<SimulationKPP/KPP15.jpg, id=302, 1371.1225pt x 653.44125pt>
File: SimulationKPP/KPP15.jpg Graphic file (type jpg)

<use SimulationKPP/KPP15.jpg>
Package pdftex.def Info: SimulationKPP/KPP15.jpg used on input line 584.
(pdftex.def)             Requested size: 452.9679pt x 215.87556pt.
 [15 <./SimulationKPP/KPP11.jpg> <./SimulationKPP/KPP12.jpg> <./SimulationKPP/K
PP14.jpg>] [16 <./SimulationKPP/KPP13.jpg> <./SimulationKPP/KPP15.jpg>] <Allee/
F2311.jpg, id=313, 562.1pt x 421.575pt>
File: Allee/F2311.jpg Graphic file (type jpg)

<use Allee/F2311.jpg>
Package pdftex.def Info: Allee/F2311.jpg used on input line 613.
(pdftex.def)             Requested size: 181.18439pt x 135.88452pt.
 <Allee/F4311.jpg, id=314, 562.1pt x 421.575pt>
File: Allee/F4311.jpg Graphic file (type jpg)

<use Allee/F4311.jpg>
Package pdftex.def Info: Allee/F4311.jpg used on input line 614.
(pdftex.def)             Requested size: 249.13371pt x 186.85086pt.
 <Allee/311__1_.jpg, id=315, 1204.5pt x 903.375pt>
File: Allee/311__1_.jpg Graphic file (type jpg)

<use Allee/311__1_.jpg>
Package pdftex.def Info: Allee/311__1_.jpg used on input line 620.
(pdftex.def)             Requested size: 135.89174pt x 101.90788pt.
 <Allee/311__2_.jpg, id=316, 1204.5pt x 903.375pt>
File: Allee/311__2_.jpg Graphic file (type jpg)

<use Allee/311__2_.jpg>
Package pdftex.def Info: Allee/311__2_.jpg used on input line 621.
(pdftex.def)             Requested size: 135.89174pt x 101.90788pt.
 <Allee/311__3_.jpg, id=317, 1204.5pt x 903.375pt>
File: Allee/311__3_.jpg Graphic file (type jpg)

<use Allee/311__3_.jpg>
Package pdftex.def Info: Allee/311__3_.jpg used on input line 622.
(pdftex.def)             Requested size: 135.89174pt x 101.90788pt.
 [17 <./Allee/F2311.jpg> <./Allee/F4311.jpg> <./Allee/311__1_.jpg> <./Allee/311
__2_.jpg> <./Allee/311__3_.jpg>]
<Allee/F2312.jpg, id=326, 1606.0pt x 785.93625pt>
File: Allee/F2312.jpg Graphic file (type jpg)
 <use Allee/F2312.jpg>
Package pdftex.def Info: Allee/F2312.jpg used on input line 631.
(pdftex.def)             Requested size: 181.18439pt x 88.65985pt.

<Allee/F4312.jpg, id=327, 562.1pt x 421.575pt>
File: Allee/F4312.jpg Graphic file (type jpg)
 <use Allee/F4312.jpg>
Package pdftex.def Info: Allee/F4312.jpg used on input line 632.
(pdftex.def)             Requested size: 249.13371pt x 186.85086pt.

<Allee/312__1_.jpg, id=328, 1204.5pt x 903.375pt>
File: Allee/312__1_.jpg Graphic file (type jpg)
 <use Allee/312__1_.jpg>
Package pdftex.def Info: Allee/312__1_.jpg used on input line 639.
(pdftex.def)             Requested size: 135.89174pt x 101.90788pt.

<Allee/312__2_.jpg, id=329, 1204.5pt x 903.375pt>
File: Allee/312__2_.jpg Graphic file (type jpg)
 <use Allee/312__2_.jpg>
Package pdftex.def Info: Allee/312__2_.jpg used on input line 640.
(pdftex.def)             Requested size: 135.89174pt x 101.90788pt.

<Allee/312__3_.jpg, id=330, 1204.5pt x 903.375pt>
File: Allee/312__3_.jpg Graphic file (type jpg)
 <use Allee/312__3_.jpg>
Package pdftex.def Info: Allee/312__3_.jpg used on input line 641.
(pdftex.def)             Requested size: 135.89174pt x 101.90788pt.

<Allee/F2322.jpg, id=333, 562.1pt x 421.575pt>
File: Allee/F2322.jpg Graphic file (type jpg)
 <use Allee/F2322.jpg>
Package pdftex.def Info: Allee/F2322.jpg used on input line 651.
(pdftex.def)             Requested size: 181.18439pt x 135.88452pt.

<Allee/F4322.jpg, id=334, 562.1pt x 421.575pt>
File: Allee/F4322.jpg Graphic file (type jpg)
 <use Allee/F4322.jpg>
Package pdftex.def Info: Allee/F4322.jpg used on input line 652.
(pdftex.def)             Requested size: 249.13371pt x 186.85086pt.
 [18 <./Allee/F2312.jpg> <./Allee/F4312.jpg> <./Allee/312__1_.jpg> <./Allee/312
__2_.jpg> <./Allee/312__3_.jpg>] <Allee/322__1_.jpg, id=343, 1204.5pt x 903.375
pt>
File: Allee/322__1_.jpg Graphic file (type jpg)

<use Allee/322__1_.jpg>
Package pdftex.def Info: Allee/322__1_.jpg used on input line 658.
(pdftex.def)             Requested size: 135.89174pt x 101.90788pt.
 <Allee/322__2_.jpg, id=344, 1204.5pt x 903.375pt>
File: Allee/322__2_.jpg Graphic file (type jpg)

<use Allee/322__2_.jpg>
Package pdftex.def Info: Allee/322__2_.jpg used on input line 659.
(pdftex.def)             Requested size: 135.89174pt x 101.90788pt.
 <Allee/322__3_.jpg, id=345, 1204.5pt x 903.375pt>
File: Allee/322__3_.jpg Graphic file (type jpg)

<use Allee/322__3_.jpg>
Package pdftex.def Info: Allee/322__3_.jpg used on input line 660.
(pdftex.def)             Requested size: 135.89174pt x 101.90788pt.
 <Allee/F2323.jpg, id=346, 562.1pt x 421.575pt>
File: Allee/F2323.jpg Graphic file (type jpg)

<use Allee/F2323.jpg>
Package pdftex.def Info: Allee/F2323.jpg used on input line 669.
(pdftex.def)             Requested size: 181.18439pt x 135.88452pt.
 <Allee/F4323.jpg, id=347, 562.1pt x 421.575pt>
File: Allee/F4323.jpg Graphic file (type jpg)

<use Allee/F4323.jpg>
Package pdftex.def Info: Allee/F4323.jpg used on input line 670.
(pdftex.def)             Requested size: 249.13371pt x 186.85086pt.
 [19 <./Allee/F2322.jpg> <./Allee/F4322.jpg> <./Allee/322__1_.jpg> <./Allee/322
__2_.jpg> <./Allee/322__3_.jpg>]
<Allee/323__1_.jpg, id=355, 1204.5pt x 903.375pt>
File: Allee/323__1_.jpg Graphic file (type jpg)
 <use Allee/323__1_.jpg>
Package pdftex.def Info: Allee/323__1_.jpg used on input line 676.
(pdftex.def)             Requested size: 135.89174pt x 101.90788pt.

<Allee/323__2_.jpg, id=356, 1204.5pt x 903.375pt>
File: Allee/323__2_.jpg Graphic file (type jpg)
 <use Allee/323__2_.jpg>
Package pdftex.def Info: Allee/323__2_.jpg used on input line 677.
(pdftex.def)             Requested size: 135.89174pt x 101.90788pt.

<Allee/323__3_.jpg, id=357, 1204.5pt x 903.375pt>
File: Allee/323__3_.jpg Graphic file (type jpg)
 <use Allee/323__3_.jpg>
Package pdftex.def Info: Allee/323__3_.jpg used on input line 678.
(pdftex.def)             Requested size: 135.89174pt x 101.90788pt.

<Allee/F2331.jpg, id=358, 562.1pt x 421.575pt>
File: Allee/F2331.jpg Graphic file (type jpg)
 <use Allee/F2331.jpg>
Package pdftex.def Info: Allee/F2331.jpg used on input line 687.
(pdftex.def)             Requested size: 181.18439pt x 135.88452pt.

<Allee/F4331.jpg, id=359, 562.1pt x 421.575pt>
File: Allee/F4331.jpg Graphic file (type jpg)
 <use Allee/F4331.jpg>
Package pdftex.def Info: Allee/F4331.jpg used on input line 688.
(pdftex.def)             Requested size: 249.13371pt x 186.85086pt.
 [20 <./Allee/F2323.jpg> <./Allee/F4323.jpg> <./Allee/323__1_.jpg> <./Allee/323
__2_.jpg> <./Allee/323__3_.jpg>] <Allee/331__1_.jpg, id=367, 1204.5pt x 903.375
pt>
File: Allee/331__1_.jpg Graphic file (type jpg)

<use Allee/331__1_.jpg>
Package pdftex.def Info: Allee/331__1_.jpg used on input line 694.
(pdftex.def)             Requested size: 135.89174pt x 101.90788pt.
 <Allee/331__2_.jpg, id=368, 1204.5pt x 903.375pt>
File: Allee/331__2_.jpg Graphic file (type jpg)

<use Allee/331__2_.jpg>
Package pdftex.def Info: Allee/331__2_.jpg used on input line 695.
(pdftex.def)             Requested size: 135.89174pt x 101.90788pt.
 <Allee/331__3_.jpg, id=369, 1204.5pt x 903.375pt>
File: Allee/331__3_.jpg Graphic file (type jpg)

<use Allee/331__3_.jpg>
Package pdftex.def Info: Allee/331__3_.jpg used on input line 696.
(pdftex.def)             Requested size: 135.89174pt x 101.90788pt.
 <Allee/F2333.jpg, id=370, 562.1pt x 421.575pt>
File: Allee/F2333.jpg Graphic file (type jpg)

<use Allee/F2333.jpg>
Package pdftex.def Info: Allee/F2333.jpg used on input line 705.
(pdftex.def)             Requested size: 181.18439pt x 135.88452pt.
 <Allee/F4333.jpg, id=371, 562.1pt x 421.575pt>
File: Allee/F4333.jpg Graphic file (type jpg)

<use Allee/F4333.jpg>
Package pdftex.def Info: Allee/F4333.jpg used on input line 706.
(pdftex.def)             Requested size: 249.13371pt x 186.85086pt.
 [21 <./Allee/F2331.jpg> <./Allee/F4331.jpg> <./Allee/331__1_.jpg> <./Allee/331
__2_.jpg> <./Allee/331__3_.jpg>]
<Allee/333__1_.jpg, id=379, 1204.5pt x 903.375pt>
File: Allee/333__1_.jpg Graphic file (type jpg)
 <use Allee/333__1_.jpg>
Package pdftex.def Info: Allee/333__1_.jpg used on input line 712.
(pdftex.def)             Requested size: 135.89174pt x 101.90788pt.

<Allee/333__2_.jpg, id=380, 1204.5pt x 903.375pt>
File: Allee/333__2_.jpg Graphic file (type jpg)
 <use Allee/333__2_.jpg>
Package pdftex.def Info: Allee/333__2_.jpg used on input line 713.
(pdftex.def)             Requested size: 135.89174pt x 101.90788pt.

<Allee/333__3_.jpg, id=381, 1204.5pt x 903.375pt>
File: Allee/333__3_.jpg Graphic file (type jpg)
 <use Allee/333__3_.jpg>
Package pdftex.def Info: Allee/333__3_.jpg used on input line 714.
(pdftex.def)             Requested size: 135.89174pt x 101.90788pt.

<Allee/F2211.jpg, id=382, 562.1pt x 421.575pt>
File: Allee/F2211.jpg Graphic file (type jpg)
 <use Allee/F2211.jpg>
Package pdftex.def Info: Allee/F2211.jpg used on input line 726.
(pdftex.def)             Requested size: 181.18439pt x 135.88452pt.

<Allee/F4211.jpg, id=383, 562.1pt x 421.575pt>
File: Allee/F4211.jpg Graphic file (type jpg)
 <use Allee/F4211.jpg>
Package pdftex.def Info: Allee/F4211.jpg used on input line 727.
(pdftex.def)             Requested size: 249.13371pt x 186.85086pt.
 [22 <./Allee/F2333.jpg> <./Allee/F4333.jpg> <./Allee/333__1_.jpg> <./Allee/333
__2_.jpg> <./Allee/333__3_.jpg>] <Allee/211__1_.jpg, id=391, 1204.5pt x 903.375
pt>
File: Allee/211__1_.jpg Graphic file (type jpg)

<use Allee/211__1_.jpg>
Package pdftex.def Info: Allee/211__1_.jpg used on input line 733.
(pdftex.def)             Requested size: 135.89174pt x 101.90788pt.
 <Allee/211__2_.jpg, id=392, 1204.5pt x 903.375pt>
File: Allee/211__2_.jpg Graphic file (type jpg)

<use Allee/211__2_.jpg>
Package pdftex.def Info: Allee/211__2_.jpg used on input line 734.
(pdftex.def)             Requested size: 135.89174pt x 101.90788pt.
 <Allee/211__3_.jpg, id=393, 1204.5pt x 903.375pt>
File: Allee/211__3_.jpg Graphic file (type jpg)

<use Allee/211__3_.jpg>
Package pdftex.def Info: Allee/211__3_.jpg used on input line 735.
(pdftex.def)             Requested size: 135.89174pt x 101.90788pt.
 <Allee/F2212.jpg, id=394, 562.1pt x 421.575pt>
File: Allee/F2212.jpg Graphic file (type jpg)

<use Allee/F2212.jpg>
Package pdftex.def Info: Allee/F2212.jpg used on input line 744.
(pdftex.def)             Requested size: 181.18439pt x 135.88452pt.
 <Allee/F4212.jpg, id=395, 562.1pt x 421.575pt>
File: Allee/F4212.jpg Graphic file (type jpg)

<use Allee/F4212.jpg>
Package pdftex.def Info: Allee/F4212.jpg used on input line 745.
(pdftex.def)             Requested size: 249.13371pt x 186.85086pt.
 [23 <./Allee/F2211.jpg> <./Allee/F4211.jpg> <./Allee/211__1_.jpg> <./Allee/211
__2_.jpg> <./Allee/211__3_.jpg>]
<Allee/212__1_.jpg, id=404, 1204.5pt x 903.375pt>
File: Allee/212__1_.jpg Graphic file (type jpg)
 <use Allee/212__1_.jpg>
Package pdftex.def Info: Allee/212__1_.jpg used on input line 751.
(pdftex.def)             Requested size: 135.89174pt x 101.90788pt.

<Allee/212__2_.jpg, id=405, 1204.5pt x 903.375pt>
File: Allee/212__2_.jpg Graphic file (type jpg)
 <use Allee/212__2_.jpg>
Package pdftex.def Info: Allee/212__2_.jpg used on input line 752.
(pdftex.def)             Requested size: 135.89174pt x 101.90788pt.

<Allee/212__3_.jpg, id=406, 1204.5pt x 903.375pt>
File: Allee/212__3_.jpg Graphic file (type jpg)
 <use Allee/212__3_.jpg>
Package pdftex.def Info: Allee/212__3_.jpg used on input line 753.
(pdftex.def)             Requested size: 135.89174pt x 101.90788pt.

<Allee/F2222.jpg, id=407, 562.1pt x 421.575pt>
File: Allee/F2222.jpg Graphic file (type jpg)
 <use Allee/F2222.jpg>
Package pdftex.def Info: Allee/F2222.jpg used on input line 762.
(pdftex.def)             Requested size: 181.18439pt x 135.88452pt.

<Allee/F4222.jpg, id=408, 562.1pt x 421.575pt>
File: Allee/F4222.jpg Graphic file (type jpg)
 <use Allee/F4222.jpg>
Package pdftex.def Info: Allee/F4222.jpg used on input line 763.
(pdftex.def)             Requested size: 249.13371pt x 186.85086pt.
 [24 <./Allee/F2212.jpg> <./Allee/F4212.jpg> <./Allee/212__1_.jpg> <./Allee/212
__2_.jpg> <./Allee/212__3_.jpg>] <Allee/222__1_.jpg, id=416, 1204.5pt x 903.375
pt>
File: Allee/222__1_.jpg Graphic file (type jpg)

<use Allee/222__1_.jpg>
Package pdftex.def Info: Allee/222__1_.jpg used on input line 769.
(pdftex.def)             Requested size: 135.89174pt x 101.90788pt.
 <Allee/222__2_.jpg, id=417, 1204.5pt x 903.375pt>
File: Allee/222__2_.jpg Graphic file (type jpg)

<use Allee/222__2_.jpg>
Package pdftex.def Info: Allee/222__2_.jpg used on input line 770.
(pdftex.def)             Requested size: 135.89174pt x 101.90788pt.
 <Allee/222__3_.jpg, id=418, 1204.5pt x 903.375pt>
File: Allee/222__3_.jpg Graphic file (type jpg)

<use Allee/222__3_.jpg>
Package pdftex.def Info: Allee/222__3_.jpg used on input line 771.
(pdftex.def)             Requested size: 135.89174pt x 101.90788pt.
 <Allee/F2223.jpg, id=419, 562.1pt x 421.575pt>
File: Allee/F2223.jpg Graphic file (type jpg)

<use Allee/F2223.jpg>
Package pdftex.def Info: Allee/F2223.jpg used on input line 780.
(pdftex.def)             Requested size: 181.18439pt x 135.88452pt.
 <Allee/F4223.jpg, id=420, 562.1pt x 421.575pt>
File: Allee/F4223.jpg Graphic file (type jpg)

<use Allee/F4223.jpg>
Package pdftex.def Info: Allee/F4223.jpg used on input line 781.
(pdftex.def)             Requested size: 249.13371pt x 186.85086pt.
 [25 <./Allee/F2222.jpg> <./Allee/F4222.jpg> <./Allee/222__1_.jpg> <./Allee/222
__2_.jpg> <./Allee/222__3_.jpg>]
<Allee/223__1_.jpg, id=428, 1204.5pt x 903.375pt>
File: Allee/223__1_.jpg Graphic file (type jpg)
 <use Allee/223__1_.jpg>
Package pdftex.def Info: Allee/223__1_.jpg used on input line 787.
(pdftex.def)             Requested size: 135.89174pt x 101.90788pt.

<Allee/223__2_.jpg, id=429, 1204.5pt x 903.375pt>
File: Allee/223__2_.jpg Graphic file (type jpg)
 <use Allee/223__2_.jpg>
Package pdftex.def Info: Allee/223__2_.jpg used on input line 788.
(pdftex.def)             Requested size: 135.89174pt x 101.90788pt.

<Allee/223__3_.jpg, id=430, 1204.5pt x 903.375pt>
File: Allee/223__3_.jpg Graphic file (type jpg)
 <use Allee/223__3_.jpg>
Package pdftex.def Info: Allee/223__3_.jpg used on input line 789.
(pdftex.def)             Requested size: 135.89174pt x 101.90788pt.

Underfull \hbox (badness 10000) in paragraph at lines 796--798

 []

[26 <./Allee/F2223.jpg> <./Allee/F4223.jpg> <./Allee/223__1_.jpg> <./Allee/223_
_2_.jpg> <./Allee/223__3_.jpg>]
LaTeX Font Info:    Try loading font information for T1+cmtt on input line 804.


("C:\Program Files (x86)\MiKTeX 2.9\tex\latex\base\t1cmtt.fd"
File: t1cmtt.fd 2014/09/29 v2.5h Standard LaTeX font definitions
)
Overfull \hbox (10.10173pt too wide) in paragraph at lines 804--805
[]$\T1/cmtt/m/n/10.95 https : / / www . researchgate . net / publication / 2994
11516 _ Reponse _ demographique _ des _$
 []


Overfull \hbox (44.05196pt too wide) in paragraph at lines 804--805
$\T1/cmtt/m/n/10.95 Neandertaliens _ face _ aux _ pressions _ environnementales
 _ du _ stade _ isotopique _ 3 _ approche _$
 []


Overfull \hbox (32.75407pt too wide) in paragraph at lines 807--808
[]\T1/cmr/m/n/10.95 A.KANDLER R.UNGER. Po-pu-la-tion Dis-per-sal Via Diffusion-
reaction Equa-tions [en ligne].Techn.
 []


Overfull \hbox (29.07684pt too wide) in paragraph at lines 807--808
$\T1/cmtt/m/n/10.95 de / ~uro / publications / Kandler-[]Unger-[]-[]Population 
_ dispersal _ via _ diffusion-[]reaction _$
 []


LaTeX Warning: Reference `Eq2' on page 27 undefined on input line 811.


Package hyperref Warning: Token not allowed in a PDF string (PDFDocEncoding):
(hyperref)                removing `\hbox' on input line 811.


Package hyperref Warning: Token not allowed in a PDF string (PDFDocEncoding):
(hyperref)                removing `\mathsurround' on input line 811.


Package hyperref Warning: Token not allowed in a PDF string (PDFDocEncoding):
(hyperref)                removing `\z@' on input line 811.


Package hyperref Warning: Token not allowed in a PDF string (PDFDocEncoding):
(hyperref)                removing `\unskip' on input line 811.


Package hyperref Warning: Token not allowed in a PDF string (PDFDocEncoding):
(hyperref)                removing `\@@italiccorr' on input line 811.

Package atveryend Info: Empty hook `BeforeClearDocument' on input line 833.
[27]
Package atveryend Info: Empty hook `AfterLastShipout' on input line 833.
 (main.aux)
Package atveryend Info: Executing hook `AtVeryEndDocument' on input line 833.
Package atveryend Info: Executing hook `AtEndAfterFileList' on input line 833.
Package rerunfilecheck Info: File `main.out' has not changed.
(rerunfilecheck)             Checksum: 729E50C8694AAC41E977E0694A702A9E;2495.


LaTeX Warning: There were undefined references.

Package atveryend Info: Empty hook `AtVeryVeryEnd' on input line 833.
 ) 
Here is how much of TeX's memory you used:
 8130 strings out of 493673
 116433 string characters out of 3141526
 208227 words of memory out of 3000000
 11189 multiletter control sequences out of 15000+200000
 19827 words of font info for 52 fonts, out of 3000000 for 9000
 1025 hyphenation exceptions out of 8191
 29i,11n,31p,901b,584s stack positions out of 5000i,500n,10000p,200000b,50000s
 <C:\Users\yadimy\AppData\Local\MiKTeX\2.9\fonts\pk\ljfour\jknappen\ec\dpi600
\ectt1095.pk> <C:\Users\yadimy\AppData\Local\MiKTeX\2.9\fonts\pk\ljfour\jknappe
n\ec\dpi600\ecti1095.pk> <C:\Users\yadimy\AppData\Local\MiKTeX\2.9\fonts\pk\ljf
our\jknappen\ec\dpi600\eccc1095.pk> <C:\Users\yadimy\AppData\Local\MiKTeX\2.9\f
onts\pk\ljfour\jknappen\ec\dpi600\ecbx1095.pk> <C:\Users\yadimy\AppData\Local\M
iKTeX\2.9\fonts\pk\ljfour\jknappen\ec\dpi600\ecbx1200.pk> <C:\Users\yadimy\AppD
ata\Local\MiKTeX\2.9\fonts\pk\ljfour\jknappen\ec\dpi600\ecrm1200.pk> <C:\Users\
yadimy\AppData\Local\MiKTeX\2.9\fonts\pk\ljfour\jknappen\ec\dpi600\ecbi1440.pk>
 <C:\Users\yadimy\AppData\Local\MiKTeX\2.9\fonts\pk\ljfour\jknappen\ec\dpi600\e
cbx1440.pk> <C:\Users\yadimy\AppData\Local\MiKTeX\2.9\fonts\pk\ljfour\jknappen\
ec\dpi600\ecbx2488.pk> <C:\Users\yadimy\AppData\Local\MiKTeX\2.9\fonts\pk\ljfou
r\jknappen\ec\dpi600\ecrm1095.pk> <C:\Users\yadimy\AppData\Local\MiKTeX\2.9\fon
ts\pk\ljfour\jknappen\ec\dpi600\eccc1200.pk><C:/Program Files (x86)/MiKTeX 2.9/
fonts/type1/public/amsfonts/cm/cmex10.pfb><C:/Program Files (x86)/MiKTeX 2.9/fo
nts/type1/public/amsfonts/cm/cmmi10.pfb><C:/Program Files (x86)/MiKTeX 2.9/font
s/type1/public/amsfonts/cm/cmmi12.pfb><C:/Program Files (x86)/MiKTeX 2.9/fonts/
type1/public/amsfonts/cm/cmmi6.pfb><C:/Program Files (x86)/MiKTeX 2.9/fonts/typ
e1/public/amsfonts/cm/cmmi8.pfb><C:/Program Files (x86)/MiKTeX 2.9/fonts/type1/
public/amsfonts/cm/cmr10.pfb><C:/Program Files (x86)/MiKTeX 2.9/fonts/type1/pub
lic/amsfonts/cm/cmr12.pfb><C:/Program Files (x86)/MiKTeX 2.9/fonts/type1/public
/amsfonts/cm/cmr6.pfb><C:/Program Files (x86)/MiKTeX 2.9/fonts/type1/public/ams
fonts/cm/cmr8.pfb><C:/Program Files (x86)/MiKTeX 2.9/fonts/type1/public/amsfont
s/cm/cmsy10.pfb><C:/Program Files (x86)/MiKTeX 2.9/fonts/type1/public/amsfonts/
cm/cmsy6.pfb><C:/Program Files (x86)/MiKTeX 2.9/fonts/type1/public/amsfonts/cm/
cmsy8.pfb><C:/Program Files (x86)/MiKTeX 2.9/fonts/type1/public/amsfonts/symbol
s/msam10.pfb><C:/Program Files (x86)/MiKTeX 2.9/fonts/type1/public/amsfonts/sym
bols/msbm10.pfb>
Output written on main.pdf (29 pages, 2360232 bytes).
PDF statistics:
 916 PDF objects out of 1000 (max. 8388607)
 116 named destinations out of 1000 (max. 500000)
 557 words of extra memory for PDF output out of 10000 (max. 10000000)

