\BOOKMARK [1][-]{section.1}{Contexte biologique}{}% 1
\BOOKMARK [1][-]{section.2}{Pr\351sentation des mod\350les \351tudi\351s}{}% 2
\BOOKMARK [2][-]{subsection.2.1}{Cadre g\351n\351ral}{section.2}% 3
\BOOKMARK [2][-]{subsection.2.2}{Croissance Logistique}{section.2}% 4
\BOOKMARK [2][-]{subsection.2.3}{Effet Allee}{section.2}% 5
\BOOKMARK [2][-]{subsection.2.4}{Syst\350me de Lotka-Volterra}{section.2}% 6
\BOOKMARK [1][-]{section.3}{Analyse math\351matique}{}% 7
\BOOKMARK [2][-]{subsection.3.1}{Croissance Logistique}{section.3}% 8
\BOOKMARK [3][-]{subsubsection.3.1.1}{Analyse de la partie r\351action}{subsection.3.1}% 9
\BOOKMARK [3][-]{subsubsection.3.1.2}{Analyse de la r\351action-diffusion}{subsection.3.1}% 10
\BOOKMARK [2][-]{subsection.3.2}{Effet Allee}{section.3}% 11
\BOOKMARK [3][-]{subsubsection.3.2.1}{Analyse de la partie r\351action}{subsection.3.2}% 12
\BOOKMARK [3][-]{subsubsection.3.2.2}{Analyse de la r\351action-diffusion}{subsection.3.2}% 13
\BOOKMARK [2][-]{subsection.3.3}{Syst\350me de Lotka-Volterra}{section.3}% 14
\BOOKMARK [3][-]{subsubsection.3.3.1}{Analyse pr\351liminaire}{subsection.3.3}% 15
\BOOKMARK [3][-]{subsubsection.3.3.2}{Fronts d'ondes}{subsection.3.3}% 16
\BOOKMARK [1][-]{section.4}{Simulations num\351riques}{}% 17
\BOOKMARK [2][-]{subsection.4.1}{Valeurs des param\350tres}{section.4}% 18
\BOOKMARK [2][-]{subsection.4.2}{Type de simulations r\351alis\351es}{section.4}% 19
\BOOKMARK [2][-]{subsection.4.3}{Croissance Logistique}{section.4}% 20
\BOOKMARK [3][-]{subsubsection.4.3.1}{Constante de diffusion d=0.5}{subsection.4.3}% 21
\BOOKMARK [3][-]{subsubsection.4.3.2}{Effets de barri\350res g\351ographiques ou variations environnementales}{subsection.4.3}% 22
\BOOKMARK [2][-]{subsection.4.4}{Effet Allee}{section.4}% 23
\BOOKMARK [3][-]{subsubsection.4.4.1}{Constante de diffusion d=0.5}{subsection.4.4}% 24
\BOOKMARK [3][-]{subsubsection.4.4.2}{Constante de diffusion d=0.05}{subsection.4.4}% 25
\BOOKMARK [2][-]{subsection.4.5}{Syst\350me de Lotka-Volterra}{section.4}% 26
\BOOKMARK [1][-]{section.5}{Interpr\351tation biologique}{}% 27
\BOOKMARK [1][-]{section.6}{Bibliographie}{}% 28
\BOOKMARK [1][-]{section.7}{Annexe}{}% 29
\BOOKMARK [2][-]{subsection.7.1}{D\351monstration Equation \040\(??\)}{section.7}% 30
